<?xml version="1.0" encoding="UTF-8"?>
<testng-results ignored="0" total="1" passed="1" failed="0" skipped="0">
  <reporter-output>
  </reporter-output>
  <suite started-at="2022-10-30T22:20:49 IST" name="Suitechrome" finished-at="2022-10-30T22:21:08 IST" duration-ms="18725">
    <groups>
    </groups>
    <test started-at="2022-10-30T22:20:49 IST" name="Test" finished-at="2022-10-30T22:21:08 IST" duration-ms="18725">
      <class name="chromebing.chrometest">
        <test-method is-config="true" signature="driversetup()[pri:0, instance:chromebing.chrometest@6cf0e0ba]" started-at="2022-10-30T22:20:49 IST" name="driversetup" finished-at="2022-10-30T22:21:00 IST" duration-ms="10896" status="PASS">
          <reporter-output>
          </reporter-output>
        </test-method> <!-- driversetup -->
        <test-method signature="testcase()[pri:0, instance:chromebing.chrometest@6cf0e0ba]" started-at="2022-10-30T22:21:00 IST" name="testcase" finished-at="2022-10-30T22:21:08 IST" duration-ms="7708" status="PASS">
          <reporter-output>
          </reporter-output>
        </test-method> <!-- testcase -->
      </class> <!-- chromebing.chrometest -->
    </test> <!-- Test -->
  </suite> <!-- Suitechrome -->
</testng-results>
